<?xml version="1.0" encoding="UTF-8"?>
<!-- Generated by org.testng.reporters.JUnitXMLReporter -->
<testsuite hostname="IN-apanse-W1" ignored="0" name="Test" tests="5" failures="0" timestamp="30 Apr 2020 08:09:35 GMT" time="0.84" errors="0">
  <testcase name="@BeforeTest setUpTest" time="0.0" classname="testsmartit.SmartITObjectTest_TestNG">
    <failure type="org.testng.TestNGException" message="
Parameter &amp;apos;browserName&amp;apos; is required by BeforeTest on method setUpTest but has not been marked @Optional or defined
in C:\Users\apanse\workspace\SmartIT-Automation\smartIT-Automation.xml">
      <![CDATA[org.testng.TestNGException: 
Parameter 'browserName' is required by BeforeTest on method setUpTest but has not been marked @Optional or defined
in C:\Users\apanse\workspace\SmartIT-Automation\smartIT-Automation.xml
... Removed 21 stack frames]]>
    </failure>
  </testcase> <!-- @BeforeTest setUpTest -->
  <testcase name="@AfterTest tearDown" time="0.0" classname="testsmartit.SmartITObjectTest_TestNG">
    <skipped/>
  </testcase> <!-- @AfterTest tearDown -->
  <testcase name="globalSearch" time="0.0" classname="testsmartit.SmartITObjectTest_TestNG">
    <skipped/>
  </testcase> <!-- globalSearch -->
  <testcase name="globalSearch" time="0.0" classname="testsmartit.SmartITObjectTest_TestNG">
    <skipped/>
  </testcase> <!-- globalSearch -->
  <testcase name="globalSearch" time="0.0" classname="testsmartit.SmartITObjectTest_TestNG">
    <skipped/>
  </testcase> <!-- globalSearch -->
  <testcase name="globalSearch" time="0.0" classname="testsmartit.SmartITObjectTest_TestNG">
    <skipped/>
  </testcase> <!-- globalSearch -->
  <testcase name="globalSearch" time="0.0" classname="testsmartit.SmartITObjectTest_TestNG">
    <skipped/>
  </testcase> <!-- globalSearch -->
</testsuite> <!-- Test -->
