<?xml version="1.0" encoding="UTF-8"?>
<!-- Generated by org.testng.reporters.JUnitXMLReporter -->
<testsuite hostname="IN-apanse-W1" ignored="0" name="TestOnFireFox" tests="5" failures="0" timestamp="30 Apr 2020 08:21:38 GMT" time="302.554" errors="0">
  <testcase name="@AfterTest tearDown" time="1.744" classname="testsmartit.SmartITObjectTest_TestNG">
    <failure type="org.openqa.selenium.NoSuchSessionException" message="Session ID is null. Using WebDriver after calling quit()?
Build info: version: &amp;apos;3.141.59&amp;apos;, revision: &amp;apos;e82be7d358&amp;apos;, time: &amp;apos;2018-11-14T08:17:03&amp;apos;
System info: host: &amp;apos;IN-APANSE-W1&amp;apos;, ip: &amp;apos;172.28.212.150&amp;apos;, os.name: &amp;apos;Windows 10&amp;apos;, os.arch: &amp;apos;amd64&amp;apos;, os.version: &amp;apos;10.0&amp;apos;, java.version: &amp;apos;1.8.0_211&amp;apos;
Driver info: driver.version: RemoteWebDriver">
      <![CDATA[org.openqa.selenium.NoSuchSessionException: Session ID is null. Using WebDriver after calling quit()?
Build info: version: '3.141.59', revision: 'e82be7d358', time: '2018-11-14T08:17:03'
System info: host: 'IN-APANSE-W1', ip: '172.28.212.150', os.name: 'Windows 10', os.arch: 'amd64', os.version: '10.0', java.version: '1.8.0_211'
Driver info: driver.version: RemoteWebDriver
at org.openqa.selenium.remote.HttpCommandExecutor.execute(HttpCommandExecutor.java:125)
at org.openqa.selenium.remote.service.DriverCommandExecutor.execute(DriverCommandExecutor.java:83)
at org.openqa.selenium.remote.RemoteWebDriver.execute(RemoteWebDriver.java:552)
at org.openqa.selenium.remote.RemoteWebDriver.execute(RemoteWebDriver.java:609)
at org.openqa.selenium.remote.RemoteWebDriver.close(RemoteWebDriver.java:442)
at testsmartit.SmartITObjectTest_TestNG.tearDown(SmartITObjectTest_TestNG.java:230)
at java.util.concurrent.FutureTask.run(FutureTask.java:266)
at java.util.concurrent.ThreadPoolExecutor.runWorker(ThreadPoolExecutor.java:1149)
at java.util.concurrent.ThreadPoolExecutor$Worker.run(ThreadPoolExecutor.java:624)
at java.lang.Thread.run(Thread.java:748)
... Removed 15 stack frames]]>
    </failure>
  </testcase> <!-- @AfterTest tearDown -->
  <testcase name="globalSearch" time="96.014" classname="testsmartit.SmartITObjectTest_TestNG"/>
  <testcase name="globalSearch" time="49.359" classname="testsmartit.SmartITObjectTest_TestNG"/>
  <testcase name="globalSearch" time="47.151" classname="testsmartit.SmartITObjectTest_TestNG"/>
  <testcase name="globalSearch" time="47.458" classname="testsmartit.SmartITObjectTest_TestNG"/>
  <testcase name="globalSearch" time="47.341" classname="testsmartit.SmartITObjectTest_TestNG"/>
</testsuite> <!-- TestOnFireFox -->
