<?xml version="1.0" encoding="UTF-8"?>
<!-- Generated by org.testng.reporters.JUnitXMLReporter -->
<testsuite hostname="IN-apanse-W1" ignored="0" name="TestOnChrome" tests="5" failures="0" timestamp="04 May 2020 07:29:38 GMT" time="11.341" errors="0">
  <testcase name="@BeforeTest setUpTest" time="10.026" classname="testsmartit.SmartITObjectTest_TestNG">
    <failure type="org.openqa.selenium.SessionNotCreatedException" message="session not created: This version of ChromeDriver only supports Chrome version 81
Build info: version: &amp;apos;3.141.59&amp;apos;, revision: &amp;apos;e82be7d358&amp;apos;, time: &amp;apos;2018-11-14T08:17:03&amp;apos;
System info: host: &amp;apos;IN-APANSE-W1&amp;apos;, ip: &amp;apos;172.28.220.228&amp;apos;, os.name: &amp;apos;Windows 10&amp;apos;, os.arch: &amp;apos;amd64&amp;apos;, os.version: &amp;apos;10.0&amp;apos;, java.version: &amp;apos;1.8.0_211&amp;apos;
Driver info: driver.version: ChromeDriver
remote stacktrace: Backtrace:
	Ordinal0 [0x010F5F73+2449267]
	Ordinal0 [0x01028361+1606497]
	Ordinal0 [0x00F1F969+522601]
	Ordinal0 [0x00EB05F3+67059]
	Ordinal0 [0x00EACD92+52626]
	Ordinal0 [0x00ECC127+180519]
	Ordinal0 [0x00ECBF2D+180013]
	Ordinal0 [0x00EC9E5B+171611]
	Ordinal0 [0x00EB1DD8+73176]
	Ordinal0 [0x00EB2E50+77392]
	Ordinal0 [0x00EB2DE9+77289]
	Ordinal0 [0x0103D8D7+1693911]
	GetHandleVerifier [0x01194036+522726]
	GetHandleVerifier [0x01193D74+522020]
	GetHandleVerifier [0x011A9187+609079]
	GetHandleVerifier [0x011948A6+524886]
	Ordinal0 [0x01035CBC+1662140]
	Ordinal0 [0x0103F23B+1700411]
	Ordinal0 [0x0103F3A3+1700771]
	Ordinal0 [0x01055215+1790485]
	BaseThreadInitThunk [0x76C38494+36]
	RtlAreBitsSet [0x770741C8+136]
	RtlAreBitsSet [0x77074198+88]
">
      <![CDATA[org.openqa.selenium.SessionNotCreatedException: session not created: This version of ChromeDriver only supports Chrome version 81
Build info: version: '3.141.59', revision: 'e82be7d358', time: '2018-11-14T08:17:03'
System info: host: 'IN-APANSE-W1', ip: '172.28.220.228', os.name: 'Windows 10', os.arch: 'amd64', os.version: '10.0', java.version: '1.8.0_211'
Driver info: driver.version: ChromeDriver
remote stacktrace: Backtrace:
Ordinal0 [0x010F5F73+2449267]
Ordinal0 [0x01028361+1606497]
Ordinal0 [0x00F1F969+522601]
Ordinal0 [0x00EB05F3+67059]
Ordinal0 [0x00EACD92+52626]
Ordinal0 [0x00ECC127+180519]
Ordinal0 [0x00ECBF2D+180013]
Ordinal0 [0x00EC9E5B+171611]
Ordinal0 [0x00EB1DD8+73176]
Ordinal0 [0x00EB2E50+77392]
Ordinal0 [0x00EB2DE9+77289]
Ordinal0 [0x0103D8D7+1693911]
GetHandleVerifier [0x01194036+522726]
GetHandleVerifier [0x01193D74+522020]
GetHandleVerifier [0x011A9187+609079]
GetHandleVerifier [0x011948A6+524886]
Ordinal0 [0x01035CBC+1662140]
Ordinal0 [0x0103F23B+1700411]
Ordinal0 [0x0103F3A3+1700771]
Ordinal0 [0x01055215+1790485]
BaseThreadInitThunk [0x76C38494+36]
RtlAreBitsSet [0x770741C8+136]
RtlAreBitsSet [0x77074198+88]

at org.openqa.selenium.remote.W3CHandshakeResponse.lambda$errorHandler$0(W3CHandshakeResponse.java:62)
at org.openqa.selenium.remote.HandshakeResponse.lambda$getResponseFunction$0(HandshakeResponse.java:30)
at org.openqa.selenium.remote.ProtocolHandshake.lambda$createSession$0(ProtocolHandshake.java:126)
at java.util.stream.ReferencePipeline$3$1.accept(ReferencePipeline.java:193)
at java.util.Spliterators$ArraySpliterator.tryAdvance(Spliterators.java:958)
at java.util.stream.ReferencePipeline.forEachWithCancel(ReferencePipeline.java:126)
at java.util.stream.AbstractPipeline.copyIntoWithCancel(AbstractPipeline.java:498)
at java.util.stream.AbstractPipeline.copyInto(AbstractPipeline.java:485)
at java.util.stream.AbstractPipeline.wrapAndCopyInto(AbstractPipeline.java:471)
at java.util.stream.FindOps$FindOp.evaluateSequential(FindOps.java:152)
at java.util.stream.AbstractPipeline.evaluate(AbstractPipeline.java:234)
at java.util.stream.ReferencePipeline.findFirst(ReferencePipeline.java:464)
at org.openqa.selenium.remote.ProtocolHandshake.createSession(ProtocolHandshake.java:128)
at org.openqa.selenium.remote.ProtocolHandshake.createSession(ProtocolHandshake.java:74)
at org.openqa.selenium.remote.HttpCommandExecutor.execute(HttpCommandExecutor.java:136)
at org.openqa.selenium.remote.service.DriverCommandExecutor.execute(DriverCommandExecutor.java:83)
at org.openqa.selenium.remote.RemoteWebDriver.execute(RemoteWebDriver.java:552)
at org.openqa.selenium.remote.RemoteWebDriver.startSession(RemoteWebDriver.java:213)
at org.openqa.selenium.remote.RemoteWebDriver.<init>(RemoteWebDriver.java:131)
at org.openqa.selenium.chrome.ChromeDriver.<init>(ChromeDriver.java:181)
at org.openqa.selenium.chrome.ChromeDriver.<init>(ChromeDriver.java:168)
at org.openqa.selenium.chrome.ChromeDriver.<init>(ChromeDriver.java:123)
at testsmartit.SmartITObjectTest_TestNG.setUpTest(SmartITObjectTest_TestNG.java:67)
at java.util.concurrent.FutureTask.run(FutureTask.java:266)
at java.util.concurrent.ThreadPoolExecutor.runWorker(ThreadPoolExecutor.java:1149)
at java.util.concurrent.ThreadPoolExecutor$Worker.run(ThreadPoolExecutor.java:624)
at java.lang.Thread.run(Thread.java:748)
... Removed 19 stack frames]]>
    </failure>
  </testcase> <!-- @BeforeTest setUpTest -->
  <testcase name="@AfterTest tearDown" time="0.0" classname="testsmartit.SmartITObjectTest_TestNG">
    <skipped/>
  </testcase> <!-- @AfterTest tearDown -->
  <testcase name="globalSearch" time="0.0" classname="testsmartit.SmartITObjectTest_TestNG">
    <skipped/>
  </testcase> <!-- globalSearch -->
  <testcase name="globalSearch" time="0.0" classname="testsmartit.SmartITObjectTest_TestNG">
    <skipped/>
  </testcase> <!-- globalSearch -->
  <testcase name="globalSearch" time="0.0" classname="testsmartit.SmartITObjectTest_TestNG">
    <skipped/>
  </testcase> <!-- globalSearch -->
  <testcase name="globalSearch" time="0.0" classname="testsmartit.SmartITObjectTest_TestNG">
    <skipped/>
  </testcase> <!-- globalSearch -->
  <testcase name="globalSearch" time="0.0" classname="testsmartit.SmartITObjectTest_TestNG">
    <skipped/>
  </testcase> <!-- globalSearch -->
</testsuite> <!-- TestOnChrome -->
