<?xml version="1.0" encoding="UTF-8"?>
<testng-results skipped="0" failed="0" ignored="0" total="10" passed="10">
  <reporter-output>
  </reporter-output>
  <suite name="Suite1" duration-ms="698873" started-at="2020-04-30T08:09:59Z" finished-at="2020-04-30T08:21:38Z">
    <groups>
    </groups>
    <test name="TestOnChrome" duration-ms="396272" started-at="2020-04-30T08:09:59Z" finished-at="2020-04-30T08:16:35Z">
      <class name="testsmartit.SmartITObjectTest_TestNG">
        <test-method status="PASS" signature="setUpTest(java.lang.String)[pri:0, instance:testsmartit.SmartITObjectTest_TestNG@39c0f4a]" name="setUpTest" is-config="true" duration-ms="11216" started-at="2020-04-30T08:09:59Z" finished-at="2020-04-30T08:10:10Z">
          <params>
            <param index="0">
              <value>
                <![CDATA[chrome]]>
              </value>
            </param>
          </params>
          <reporter-output>
          </reporter-output>
        </test-method> <!-- setUpTest -->
        <test-method status="PASS" signature="globalSearch(java.lang.String, java.lang.String)[pri:0, instance:testsmartit.SmartITObjectTest_TestNG@39c0f4a]" name="globalSearch" duration-ms="83933" started-at="2020-04-30T08:10:11Z" data-provider="test.csv data" finished-at="2020-04-30T08:11:35Z">
          <params>
            <param index="0">
              <value>
                <![CDATA[05600-Test]]>
              </value>
            </param>
            <param index="1">
              <value>
                <![CDATA[05600-Test]]>
              </value>
            </param>
          </params>
          <reporter-output>
          </reporter-output>
        </test-method> <!-- globalSearch -->
        <test-method status="PASS" signature="globalSearch(java.lang.String, java.lang.String)[pri:0, instance:testsmartit.SmartITObjectTest_TestNG@39c0f4a]" name="globalSearch" duration-ms="61970" started-at="2020-04-30T08:11:35Z" data-provider="test.csv data" finished-at="2020-04-30T08:12:37Z">
          <params>
            <param index="0">
              <value>
                <![CDATA[05601-Test]]>
              </value>
            </param>
            <param index="1">
              <value>
                <![CDATA[05601-Test]]>
              </value>
            </param>
          </params>
          <reporter-output>
          </reporter-output>
        </test-method> <!-- globalSearch -->
        <test-method status="PASS" signature="globalSearch(java.lang.String, java.lang.String)[pri:0, instance:testsmartit.SmartITObjectTest_TestNG@39c0f4a]" name="globalSearch" duration-ms="120507" started-at="2020-04-30T08:12:37Z" data-provider="test.csv data" finished-at="2020-04-30T08:14:38Z">
          <params>
            <param index="0">
              <value>
                <![CDATA[05602-Test]]>
              </value>
            </param>
            <param index="1">
              <value>
                <![CDATA[05602-Test]]>
              </value>
            </param>
          </params>
          <reporter-output>
          </reporter-output>
        </test-method> <!-- globalSearch -->
        <test-method status="PASS" signature="globalSearch(java.lang.String, java.lang.String)[pri:0, instance:testsmartit.SmartITObjectTest_TestNG@39c0f4a]" name="globalSearch" duration-ms="56866" started-at="2020-04-30T08:14:38Z" data-provider="test.csv data" finished-at="2020-04-30T08:15:35Z">
          <params>
            <param index="0">
              <value>
                <![CDATA[05603-Test]]>
              </value>
            </param>
            <param index="1">
              <value>
                <![CDATA[05603-Test]]>
              </value>
            </param>
          </params>
          <reporter-output>
          </reporter-output>
        </test-method> <!-- globalSearch -->
        <test-method status="PASS" signature="globalSearch(java.lang.String, java.lang.String)[pri:0, instance:testsmartit.SmartITObjectTest_TestNG@39c0f4a]" name="globalSearch" duration-ms="58396" started-at="2020-04-30T08:15:35Z" data-provider="test.csv data" finished-at="2020-04-30T08:16:33Z">
          <params>
            <param index="0">
              <value>
                <![CDATA[05604-Test]]>
              </value>
            </param>
            <param index="1">
              <value>
                <![CDATA[05604-Test]]>
              </value>
            </param>
          </params>
          <reporter-output>
          </reporter-output>
        </test-method> <!-- globalSearch -->
        <test-method status="FAIL" signature="tearDown()[pri:0, instance:testsmartit.SmartITObjectTest_TestNG@39c0f4a]" name="tearDown" is-config="true" duration-ms="2064" started-at="2020-04-30T08:16:33Z" finished-at="2020-04-30T08:16:35Z">
          <exception class="org.openqa.selenium.NoSuchSessionException">
            <message>
              <![CDATA[Session ID is null. Using WebDriver after calling quit()?
Build info: version: '3.141.59', revision: 'e82be7d358', time: '2018-11-14T08:17:03'
System info: host: 'IN-APANSE-W1', ip: '172.28.212.150', os.name: 'Windows 10', os.arch: 'amd64', os.version: '10.0', java.version: '1.8.0_211'
Driver info: driver.version: RemoteWebDriver]]>
            </message>
            <full-stacktrace>
              <![CDATA[org.openqa.selenium.NoSuchSessionException: Session ID is null. Using WebDriver after calling quit()?
Build info: version: '3.141.59', revision: 'e82be7d358', time: '2018-11-14T08:17:03'
System info: host: 'IN-APANSE-W1', ip: '172.28.212.150', os.name: 'Windows 10', os.arch: 'amd64', os.version: '10.0', java.version: '1.8.0_211'
Driver info: driver.version: RemoteWebDriver
at org.openqa.selenium.remote.HttpCommandExecutor.execute(HttpCommandExecutor.java:125)
at org.openqa.selenium.remote.service.DriverCommandExecutor.execute(DriverCommandExecutor.java:83)
at org.openqa.selenium.remote.RemoteWebDriver.execute(RemoteWebDriver.java:552)
at org.openqa.selenium.remote.RemoteWebDriver.execute(RemoteWebDriver.java:609)
at org.openqa.selenium.remote.RemoteWebDriver.close(RemoteWebDriver.java:442)
at testsmartit.SmartITObjectTest_TestNG.tearDown(SmartITObjectTest_TestNG.java:230)
at sun.reflect.NativeMethodAccessorImpl.invoke0(Native Method)
at sun.reflect.NativeMethodAccessorImpl.invoke(NativeMethodAccessorImpl.java:62)
at sun.reflect.DelegatingMethodAccessorImpl.invoke(DelegatingMethodAccessorImpl.java:43)
at java.lang.reflect.Method.invoke(Method.java:498)
at org.testng.internal.MethodInvocationHelper.invokeMethod(MethodInvocationHelper.java:124)
at org.testng.internal.MethodInvocationHelper.invokeMethodConsideringTimeout(MethodInvocationHelper.java:59)
at org.testng.internal.Invoker.invokeConfigurationMethod(Invoker.java:455)
at org.testng.internal.Invoker.invokeConfigurations(Invoker.java:222)
at org.testng.internal.Invoker.invokeConfigurations(Invoker.java:142)
at org.testng.TestRunner.afterRun(TestRunner.java:725)
at org.testng.TestRunner.run(TestRunner.java:509)
at org.testng.SuiteRunner.runTest(SuiteRunner.java:455)
at org.testng.SuiteRunner.access$000(SuiteRunner.java:40)
at org.testng.SuiteRunner$SuiteWorker.run(SuiteRunner.java:489)
at org.testng.internal.thread.ThreadUtil$1.call(ThreadUtil.java:52)
at java.util.concurrent.FutureTask.run(FutureTask.java:266)
at java.util.concurrent.ThreadPoolExecutor.runWorker(ThreadPoolExecutor.java:1149)
at java.util.concurrent.ThreadPoolExecutor$Worker.run(ThreadPoolExecutor.java:624)
at java.lang.Thread.run(Thread.java:748)
]]>
            </full-stacktrace>
          </exception> <!-- org.openqa.selenium.NoSuchSessionException -->
          <reporter-output>
          </reporter-output>
        </test-method> <!-- tearDown -->
      </class> <!-- testsmartit.SmartITObjectTest_TestNG -->
    </test> <!-- TestOnChrome -->
    <test name="TestOnFireFox" duration-ms="302554" started-at="2020-04-30T08:16:35Z" finished-at="2020-04-30T08:21:38Z">
      <class name="testsmartit.SmartITObjectTest_TestNG">
        <test-method status="PASS" signature="setUpTest(java.lang.String)[pri:0, instance:testsmartit.SmartITObjectTest_TestNG@5700d6b1]" name="setUpTest" is-config="true" duration-ms="13396" started-at="2020-04-30T08:16:35Z" finished-at="2020-04-30T08:16:49Z">
          <params>
            <param index="0">
              <value>
                <![CDATA[firefox]]>
              </value>
            </param>
          </params>
          <reporter-output>
          </reporter-output>
        </test-method> <!-- setUpTest -->
        <test-method status="PASS" signature="globalSearch(java.lang.String, java.lang.String)[pri:0, instance:testsmartit.SmartITObjectTest_TestNG@5700d6b1]" name="globalSearch" duration-ms="96014" started-at="2020-04-30T08:16:49Z" data-provider="test.csv data" finished-at="2020-04-30T08:18:25Z">
          <params>
            <param index="0">
              <value>
                <![CDATA[05600-Test]]>
              </value>
            </param>
            <param index="1">
              <value>
                <![CDATA[05600-Test]]>
              </value>
            </param>
          </params>
          <reporter-output>
          </reporter-output>
        </test-method> <!-- globalSearch -->
        <test-method status="PASS" signature="globalSearch(java.lang.String, java.lang.String)[pri:0, instance:testsmartit.SmartITObjectTest_TestNG@5700d6b1]" name="globalSearch" duration-ms="49359" started-at="2020-04-30T08:18:25Z" data-provider="test.csv data" finished-at="2020-04-30T08:19:14Z">
          <params>
            <param index="0">
              <value>
                <![CDATA[05601-Test]]>
              </value>
            </param>
            <param index="1">
              <value>
                <![CDATA[05601-Test]]>
              </value>
            </param>
          </params>
          <reporter-output>
          </reporter-output>
        </test-method> <!-- globalSearch -->
        <test-method status="PASS" signature="globalSearch(java.lang.String, java.lang.String)[pri:0, instance:testsmartit.SmartITObjectTest_TestNG@5700d6b1]" name="globalSearch" duration-ms="47151" started-at="2020-04-30T08:19:14Z" data-provider="test.csv data" finished-at="2020-04-30T08:20:01Z">
          <params>
            <param index="0">
              <value>
                <![CDATA[05602-Test]]>
              </value>
            </param>
            <param index="1">
              <value>
                <![CDATA[05602-Test]]>
              </value>
            </param>
          </params>
          <reporter-output>
          </reporter-output>
        </test-method> <!-- globalSearch -->
        <test-method status="PASS" signature="globalSearch(java.lang.String, java.lang.String)[pri:0, instance:testsmartit.SmartITObjectTest_TestNG@5700d6b1]" name="globalSearch" duration-ms="47458" started-at="2020-04-30T08:20:01Z" data-provider="test.csv data" finished-at="2020-04-30T08:20:49Z">
          <params>
            <param index="0">
              <value>
                <![CDATA[05603-Test]]>
              </value>
            </param>
            <param index="1">
              <value>
                <![CDATA[05603-Test]]>
              </value>
            </param>
          </params>
          <reporter-output>
          </reporter-output>
        </test-method> <!-- globalSearch -->
        <test-method status="PASS" signature="globalSearch(java.lang.String, java.lang.String)[pri:0, instance:testsmartit.SmartITObjectTest_TestNG@5700d6b1]" name="globalSearch" duration-ms="47341" started-at="2020-04-30T08:20:49Z" data-provider="test.csv data" finished-at="2020-04-30T08:21:36Z">
          <params>
            <param index="0">
              <value>
                <![CDATA[05604-Test]]>
              </value>
            </param>
            <param index="1">
              <value>
                <![CDATA[05604-Test]]>
              </value>
            </param>
          </params>
          <reporter-output>
          </reporter-output>
        </test-method> <!-- globalSearch -->
        <test-method status="FAIL" signature="tearDown()[pri:0, instance:testsmartit.SmartITObjectTest_TestNG@5700d6b1]" name="tearDown" is-config="true" duration-ms="1744" started-at="2020-04-30T08:21:36Z" finished-at="2020-04-30T08:21:38Z">
          <exception class="org.openqa.selenium.NoSuchSessionException">
            <message>
              <![CDATA[Session ID is null. Using WebDriver after calling quit()?
Build info: version: '3.141.59', revision: 'e82be7d358', time: '2018-11-14T08:17:03'
System info: host: 'IN-APANSE-W1', ip: '172.28.212.150', os.name: 'Windows 10', os.arch: 'amd64', os.version: '10.0', java.version: '1.8.0_211'
Driver info: driver.version: RemoteWebDriver]]>
            </message>
            <full-stacktrace>
              <![CDATA[org.openqa.selenium.NoSuchSessionException: Session ID is null. Using WebDriver after calling quit()?
Build info: version: '3.141.59', revision: 'e82be7d358', time: '2018-11-14T08:17:03'
System info: host: 'IN-APANSE-W1', ip: '172.28.212.150', os.name: 'Windows 10', os.arch: 'amd64', os.version: '10.0', java.version: '1.8.0_211'
Driver info: driver.version: RemoteWebDriver
at org.openqa.selenium.remote.HttpCommandExecutor.execute(HttpCommandExecutor.java:125)
at org.openqa.selenium.remote.service.DriverCommandExecutor.execute(DriverCommandExecutor.java:83)
at org.openqa.selenium.remote.RemoteWebDriver.execute(RemoteWebDriver.java:552)
at org.openqa.selenium.remote.RemoteWebDriver.execute(RemoteWebDriver.java:609)
at org.openqa.selenium.remote.RemoteWebDriver.close(RemoteWebDriver.java:442)
at testsmartit.SmartITObjectTest_TestNG.tearDown(SmartITObjectTest_TestNG.java:230)
at sun.reflect.NativeMethodAccessorImpl.invoke0(Native Method)
at sun.reflect.NativeMethodAccessorImpl.invoke(NativeMethodAccessorImpl.java:62)
at sun.reflect.DelegatingMethodAccessorImpl.invoke(DelegatingMethodAccessorImpl.java:43)
at java.lang.reflect.Method.invoke(Method.java:498)
at org.testng.internal.MethodInvocationHelper.invokeMethod(MethodInvocationHelper.java:124)
at org.testng.internal.MethodInvocationHelper.invokeMethodConsideringTimeout(MethodInvocationHelper.java:59)
at org.testng.internal.Invoker.invokeConfigurationMethod(Invoker.java:455)
at org.testng.internal.Invoker.invokeConfigurations(Invoker.java:222)
at org.testng.internal.Invoker.invokeConfigurations(Invoker.java:142)
at org.testng.TestRunner.afterRun(TestRunner.java:725)
at org.testng.TestRunner.run(TestRunner.java:509)
at org.testng.SuiteRunner.runTest(SuiteRunner.java:455)
at org.testng.SuiteRunner.access$000(SuiteRunner.java:40)
at org.testng.SuiteRunner$SuiteWorker.run(SuiteRunner.java:489)
at org.testng.internal.thread.ThreadUtil$1.call(ThreadUtil.java:52)
at java.util.concurrent.FutureTask.run(FutureTask.java:266)
at java.util.concurrent.ThreadPoolExecutor.runWorker(ThreadPoolExecutor.java:1149)
at java.util.concurrent.ThreadPoolExecutor$Worker.run(ThreadPoolExecutor.java:624)
at java.lang.Thread.run(Thread.java:748)
]]>
            </full-stacktrace>
          </exception> <!-- org.openqa.selenium.NoSuchSessionException -->
          <reporter-output>
          </reporter-output>
        </test-method> <!-- tearDown -->
      </class> <!-- testsmartit.SmartITObjectTest_TestNG -->
    </test> <!-- TestOnFireFox -->
  </suite> <!-- Suite1 -->
</testng-results>
